Reading file ass3w4.pls ....Please wait

Printing input buffer parameters:

The capacity of the buffer is:  447
The current size of the buffer is:  447

Printing input buffer contents:

!!This program contains syntax errors
!!Addition to Murphy's laws:
!!"In nature, nothing is ever right. Therefore,
!!if everything is going right ... something is wrong."

PLATYPUS{
  WHILE FALSE(a == b * c)REPEAT{
   IF TRUE()THEN{a=b<>c;} ELSE ELSE{};
    WHILE TRUE(goody@ <> "a")REPEAT{};
    a = (a  badLong89@) + (good badLong89) * (good 7.);
   };
  IF TRUE (c > 0)THEN ELSE{}ELSE{};
  WRITE("Imagine all the scanners );
 }
}ÿ

Parsing the source file...

PLATY: Conditional expression parsed
PLATY: Syntax error:  Line:  7
*****  Token code:  2 Attribute: a
PLATY: Conditional expression parsed
PLATY: Primary arithmetic expression parsed
PLATY: Arithmetic expression parsed
PLATY: Assignment expression parsed
PLATY: Syntax error:  Line:  8
*****  Token code: 10 Attribute: 3
PLATY: Assignment statement parsed
PLATY: Syntax error:  Line:  8
*****  Token code: 16 Attribute: ELSE
PLATY: opt_statements parsed
PLATY: Selection statement parsed
PLATY: Conditional expression parsed
PLATY: Syntax error:  Line:  9
*****  Token code:  3 Attribute: goody@
PLATY: Syntax error:  Line:  9
*****  Token code: 15 Attribute: NA
PLATY: Iteration statement parsed
PLATY: Primary arithmetic expression parsed
PLATY: Arithmetic expression parsed
PLATY: Syntax error:  Line: 10
*****  Token code:  3 Attribute: badLong@
PLATY: Primary arithmetic expression parsed
PLATY: Primary arithmetic expression parsed
PLATY: Arithmetic expression parsed
PLATY: Syntax error:  Line: 10
*****  Token code:  2 Attribute: badLong8
PLATY: Primary arithmetic expression parsed
PLATY: Primary arithmetic expression parsed
PLATY: Arithmetic expression parsed
PLATY: Syntax error:  Line: 10
*****  Token code:  4 Attribute:   7.0
PLATY: Primary arithmetic expression parsed
PLATY: Multiplicative arithmetic expression parsed
PLATY: Additive arithmetic expression parsed
PLATY: Arithmetic expression parsed
PLATY: Assignment expression parsed
PLATY: Assignment statement parsed
PLATY: Iteration statement parsed
PLATY: Conditional expression parsed
PLATY: Syntax error:  Line: 12
*****  Token code:  2 Attribute: c
PLATY: Syntax error:  Line: 12
*****  Token code: 16 Attribute: ELSE
PLATY: opt_statements parsed
PLATY: opt_statements parsed
PLATY: Selection statement parsed
PLATY: Syntax error:  Line: 13
*****  Token code:  0 Attribute: "Imagine all the ...
PLATY: Output list parsed
PLATY: Syntax error:  Line: 13
*****  Token code:  0 Attribute: ÿ

Syntax errors: 11

Collecting garbage...
